<?xml version="1.0" encoding="UTF-8"?>
<!-- Generated by org.testng.reporters.JUnitXMLReporter -->
<testsuite ignored="1" hostname="DESKTOP-9P9GC26" failures="0" tests="1" name="Test" time="4.719" errors="0" timestamp="2025-12-21T12:01:43 IST">
  <testcase classname="TestCases.TC003_LoginTest" name="verify_login" time="1.456"/>
  <testcase classname="TestCases.TC001_AccountRegistration" name="verify_accounregistartion" time="0.0">
    <ignored/>
  </testcase> <!-- verify_accounregistartion -->
</testsuite> <!-- Test -->
