<?xml version="1.0" encoding="UTF-8"?>
<!-- Generated by org.testng.reporters.JUnitReportReporter -->
<testsuite hostname="DESKTOP-9P9GC26" failures="0" tests="4" name="TestCases.TC002_AccountRegistration" time="8.865" errors="0" timestamp="2025-12-23T12:16:45 IST" skipped="0">
  <testcase classname="TestCases.TC002_AccountRegistration" name="verify_accounregistartion" time="2.468"/>
  <testcase classname="TestCases.TC002_AccountRegistration" name="verify_accounregistartion2" time="2.245"/>
  <testcase classname="TestCases.TC002_AccountRegistration" name="verify_accounregistartion4" time="2.106"/>
  <testcase classname="TestCases.TC002_AccountRegistration" name="verify_accounregistartion3" time="2.046"/>
</testsuite> <!-- TestCases.TC002_AccountRegistration -->
